19:38:02.261  863  DEBUG fr.sparna.rdf.xls2rdf.app.Convert - Will use output format : text/turtle
19:38:02.264  866  DEBUG fr.sparna.rdf.xls2rdf.app.Convert - Will use ModelWriter : fr.sparna.rdf.xls2rdf.OutputStreamModelWriter
19:38:03.022  1624 DEBUG f.s.rdf.xls2rdf.Xls2RdfConverter - Processing sheet: Sheet1
19:38:03.025  1627 INFO  f.sparna.rdf.xls2rdf.RdfizableSheet - Found proper property in header : http://purl.org/zonmw/generic/
19:38:03.027  1629 INFO  f.sparna.rdf.xls2rdf.RdfizableSheet - Found proper property in header : http://purl.org/pav/
19:38:03.028  1630 INFO  f.sparna.rdf.xls2rdf.RdfizableSheet - Found proper property in header : http://purl.org/dc/terms/
19:38:03.028  1630 INFO  f.sparna.rdf.xls2rdf.RdfizableSheet - Found proper property in header : http://www.w3.org/2002/07/owl#
19:38:03.030  1632 INFO  f.sparna.rdf.xls2rdf.RdfizableSheet - Found proper property in header : http://www.w3.org/2001/XMLSchema#
19:38:03.031  1633 INFO  f.sparna.rdf.xls2rdf.RdfizableSheet - Found proper property in header : https://w3id.org/iadopt/ont/iadopt/
19:38:03.034  1636 INFO  f.sparna.rdf.xls2rdf.RdfizableSheet - Found proper property in header : https://orcid.org/0000-0003-2195-3997
19:38:03.035  1637 INFO  f.sparna.rdf.xls2rdf.RdfizableSheet - Found proper property in header : https://orcid.org/0000-0002-7160-5942
19:38:03.036  1638 INFO  f.sparna.rdf.xls2rdf.RdfizableSheet - Found proper property in header : https://orcid.org/0000-0002-9381-9693
19:38:03.037  1639 INFO  f.sparna.rdf.xls2rdf.RdfizableSheet - Found proper property in header : https://spdx.org/licenses/CC0-1.0
19:38:03.039  1641 INFO  f.sparna.rdf.xls2rdf.RdfizableSheet - Found proper property in header : http://www.w3.org/2004/02/skos/core#prefLabel
19:38:03.040  1642 INFO  f.sparna.rdf.xls2rdf.RdfizableSheet - Found proper property in header : http://www.w3.org/2004/02/skos/core#prefLabel
19:38:03.041  1643 INFO  f.sparna.rdf.xls2rdf.RdfizableSheet - Found proper property in header : http://www.w3.org/2004/02/skos/core#altLabel
19:38:03.042  1644 INFO  f.sparna.rdf.xls2rdf.RdfizableSheet - Found proper property in header : http://www.w3.org/2004/02/skos/core#definition
19:38:03.042  1644 INFO  f.sparna.rdf.xls2rdf.RdfizableSheet - Found proper property in header : http://www.w3.org/2004/02/skos/core#definition
19:38:03.043  1645 INFO  f.sparna.rdf.xls2rdf.RdfizableSheet - Found proper property in header : http://purl.org/dc/terms/source
19:38:03.043  1645 INFO  f.sparna.rdf.xls2rdf.RdfizableSheet - Found proper property in header : http://www.w3.org/2004/02/skos/core#broader
19:38:03.044  1646 INFO  f.sparna.rdf.xls2rdf.RdfizableSheet - Found proper property in header : http://www.w3.org/2004/02/skos/core#closeMatch
19:38:03.044  1646 INFO  f.sparna.rdf.xls2rdf.RdfizableSheet - Found proper property in header : http://www.w3.org/2004/02/skos/core#exactMatch
19:38:03.045  1647 INFO  f.sparna.rdf.xls2rdf.RdfizableSheet - Found at least 2 headers with proper property declaration in the first 10 columns, title row is at index 17
19:38:03.046  1648 DEBUG f.s.rdf.xls2rdf.Xls2RdfConverter - Found title row at index 17
19:38:03.048  1650 DEBUG f.s.rdf.xls2rdf.Xls2RdfConverter - Adding value on header object "ZonMW Generic Vocabulary" with lang en
19:38:03.051  1653 DEBUG f.s.rdf.xls2rdf.Xls2RdfConverter - Adding value on header object "ZonMW Generic Vocabulary" with lang en
19:38:03.051  1653 DEBUG f.s.rdf.xls2rdf.Xls2RdfConverter - Adding value on header object "Controlled vocabulary of generic terms used in ZonMV project content metadata templates" with lang en
19:38:03.052  1654 DEBUG f.s.rdf.xls2rdf.Xls2RdfConverter - Adding value on header object "https://orcid.org/0000-0003-2195-3997" with lang en
19:38:03.053  1655 DEBUG f.s.rdf.xls2rdf.Xls2RdfConverter - Adding value on header object "https://orcid.org/0000-0002-7160-5942" with lang en
19:38:03.053  1655 DEBUG f.s.rdf.xls2rdf.Xls2RdfConverter - Adding value on header object "https://orcid.org/0000-0002-9381-9693" with lang en
19:38:03.054  1656 DEBUG f.s.rdf.xls2rdf.Xls2RdfConverter - Adding value on header object "https://spdx.org/licenses/CC0-1.0" with lang en
19:38:03.055  1657 DEBUG f.s.rdf.xls2rdf.Xls2RdfConverter - Adding value on header object "1.1.0" with lang en
19:38:03.055  1657 DEBUG f.s.rdf.xls2rdf.Xls2RdfConverter - Adding value on header object "2021-07-09T11:00:00+00:00" with lang en
19:38:03.056  1658 DEBUG f.s.rdf.xls2rdf.Xls2RdfConverter - Adding value on header object "2021-08-13T22:00:00+00:00" with lang en
19:38:03.056  1658 DEBUG f.s.rdf.xls2rdf.Xls2RdfConverter - Converting data with these column headers: 
19:38:03.056  1658 DEBUG f.s.rdf.xls2rdf.Xls2RdfConverter - ColumnHeader [originalValue=Identifier, language=Optional.empty, datatype=Optional.empty, property=null, declaredProperty=Identifier, inverse=false, parameters={}, id=null, reconcileOn=null, headerCell=Identifier]
19:38:03.059  1661 DEBUG f.s.rdf.xls2rdf.Xls2RdfConverter - ColumnHeader [originalValue=skos:prefLabel@en, language=Optional[en], datatype=Optional.empty, property=http://www.w3.org/2004/02/skos/core#prefLabel, declaredProperty=skos:prefLabel, inverse=false, parameters={}, id=null, reconcileOn=null, headerCell=skos:prefLabel@en]
19:38:03.059  1661 DEBUG f.s.rdf.xls2rdf.Xls2RdfConverter - ColumnHeader [originalValue=skos:prefLabel@nl, language=Optional[nl], datatype=Optional.empty, property=http://www.w3.org/2004/02/skos/core#prefLabel, declaredProperty=skos:prefLabel, inverse=false, parameters={}, id=null, reconcileOn=null, headerCell=skos:prefLabel@nl]
19:38:03.060  1662 DEBUG f.s.rdf.xls2rdf.Xls2RdfConverter - ColumnHeader [originalValue=skos:altLabel(separator=","), language=Optional.empty, datatype=Optional.empty, property=http://www.w3.org/2004/02/skos/core#altLabel, declaredProperty=skos:altLabel, inverse=false, parameters={separator=,}, id=null, reconcileOn=null, headerCell=skos:altLabel(separator=",")]
19:38:03.061  1663 DEBUG f.s.rdf.xls2rdf.Xls2RdfConverter - ColumnHeader [originalValue=skos:definition@en, language=Optional[en], datatype=Optional.empty, property=http://www.w3.org/2004/02/skos/core#definition, declaredProperty=skos:definition, inverse=false, parameters={}, id=null, reconcileOn=null, headerCell=skos:definition@en]
19:38:03.064  1666 DEBUG f.s.rdf.xls2rdf.Xls2RdfConverter - ColumnHeader [originalValue=skos:definition@nl, language=Optional[nl], datatype=Optional.empty, property=http://www.w3.org/2004/02/skos/core#definition, declaredProperty=skos:definition, inverse=false, parameters={}, id=null, reconcileOn=null, headerCell=skos:definition@nl]
19:38:03.066  1668 DEBUG f.s.rdf.xls2rdf.Xls2RdfConverter - ColumnHeader [originalValue=dct:source(separator=","), language=Optional.empty, datatype=Optional.empty, property=http://purl.org/dc/terms/source, declaredProperty=dct:source, inverse=false, parameters={separator=,}, id=null, reconcileOn=null, headerCell=dct:source(separator=",")]
19:38:03.067  1669 DEBUG f.s.rdf.xls2rdf.Xls2RdfConverter - ColumnHeader [originalValue=skos:broader(separator=","), language=Optional.empty, datatype=Optional.empty, property=http://www.w3.org/2004/02/skos/core#broader, declaredProperty=skos:broader, inverse=false, parameters={separator=,}, id=null, reconcileOn=null, headerCell=skos:broader(separator=",")]
19:38:03.068  1670 DEBUG f.s.rdf.xls2rdf.Xls2RdfConverter - ColumnHeader [originalValue=skos:closeMatch(separator=","), language=Optional.empty, datatype=Optional.empty, property=http://www.w3.org/2004/02/skos/core#closeMatch, declaredProperty=skos:closeMatch, inverse=false, parameters={separator=,}, id=null, reconcileOn=null, headerCell=skos:closeMatch(separator=",")]
19:38:03.069  1671 DEBUG f.s.rdf.xls2rdf.Xls2RdfConverter - ColumnHeader [originalValue=skos:exactMatch(separator=","), language=Optional.empty, datatype=Optional.empty, property=http://www.w3.org/2004/02/skos/core#exactMatch, declaredProperty=skos:exactMatch, inverse=false, parameters={separator=,}, id=null, reconcileOn=null, headerCell=skos:exactMatch(separator=",")]
19:38:03.070  1672 DEBUG f.s.rdf.xls2rdf.Xls2RdfConverter - ColumnHeader [originalValue=skos:relatedMatch(separator=","), language=Optional.empty, datatype=Optional.empty, property=http://www.w3.org/2004/02/skos/core#relatedMatch, declaredProperty=skos:relatedMatch, inverse=false, parameters={separator=,}, id=null, reconcileOn=null, headerCell=skos:relatedMatch(separator=",")]
19:38:03.070  1672 DEBUG f.s.rdf.xls2rdf.Xls2RdfConverter - ColumnHeader [originalValue=owl:deprecated^^xsd:boolean, language=Optional.empty, datatype=Optional[http://www.w3.org/2001/XMLSchema#boolean], property=http://www.w3.org/2002/07/owl#deprecated, declaredProperty=owl:deprecated, inverse=false, parameters={}, id=null, reconcileOn=null, headerCell=owl:deprecated^^xsd:boolean]
19:38:03.071  1673 DEBUG f.s.rdf.xls2rdf.Xls2RdfConverter - ColumnHeader [originalValue=dct:isReplacedBy, language=Optional.empty, datatype=Optional.empty, property=http://purl.org/dc/terms/isReplacedBy, declaredProperty=dct:isReplacedBy, inverse=false, parameters={}, id=null, reconcileOn=null, headerCell=dct:isReplacedBy]
19:38:03.071  1673 DEBUG f.s.rdf.xls2rdf.Xls2RdfConverter - ColumnHeader [originalValue=skos:editorialNote@en, language=Optional[en], datatype=Optional.empty, property=http://www.w3.org/2004/02/skos/core#editorialNote, declaredProperty=skos:editorialNote, inverse=false, parameters={}, id=null, reconcileOn=null, headerCell=skos:editorialNote@en]
19:38:03.071  1673 DEBUG f.s.rdf.xls2rdf.Xls2RdfConverter - ColumnHeader [originalValue=dct:creator(separator=","), language=Optional.empty, datatype=Optional.empty, property=http://purl.org/dc/terms/creator, declaredProperty=dct:creator, inverse=false, parameters={separator=,}, id=null, reconcileOn=null, headerCell=dct:creator(separator=",")]
19:38:03.071  1673 DEBUG f.s.rdf.xls2rdf.Xls2RdfConverter - ColumnHeader [originalValue=dct:contributor(separator=","), language=Optional.empty, datatype=Optional.empty, property=http://purl.org/dc/terms/contributor, declaredProperty=dct:contributor, inverse=false, parameters={separator=,}, id=null, reconcileOn=null, headerCell=dct:contributor(separator=",")]
19:38:03.071  1673 DEBUG f.s.rdf.xls2rdf.Xls2RdfConverter - ColumnHeader [originalValue=iop:hasProperty, language=Optional.empty, datatype=Optional.empty, property=https://w3id.org/iadopt/ont/iadopt/hasProperty, declaredProperty=iop:hasProperty, inverse=false, parameters={}, id=null, reconcileOn=null, headerCell=iop:hasProperty]
19:38:03.071  1673 DEBUG f.s.rdf.xls2rdf.Xls2RdfConverter - ColumnHeader [originalValue=iop:hasObjectOfInterest, language=Optional.empty, datatype=Optional.empty, property=https://w3id.org/iadopt/ont/iadopt/hasObjectOfInterest, declaredProperty=iop:hasObjectOfInterest, inverse=false, parameters={}, id=null, reconcileOn=null, headerCell=iop:hasObjectOfInterest]
19:38:03.071  1673 DEBUG f.s.rdf.xls2rdf.Xls2RdfConverter - ColumnHeader [originalValue=iop:hasMatrix, language=Optional.empty, datatype=Optional.empty, property=https://w3id.org/iadopt/ont/iadopt/hasMatrix, declaredProperty=iop:hasMatrix, inverse=false, parameters={}, id=null, reconcileOn=null, headerCell=iop:hasMatrix]
19:38:03.071  1673 DEBUG f.s.rdf.xls2rdf.Xls2RdfConverter - ColumnHeader [originalValue=iop:hasContextObject(separator=","), language=Optional.empty, datatype=Optional.empty, property=https://w3id.org/iadopt/ont/iadopt/hasContextObject, declaredProperty=iop:hasContextObject, inverse=false, parameters={separator=,}, id=null, reconcileOn=null, headerCell=iop:hasContextObject(separator=",")]
19:38:03.071  1673 DEBUG f.s.rdf.xls2rdf.Xls2RdfConverter - ColumnHeader [originalValue=iop:hasConstraint(separator=","), language=Optional.empty, datatype=Optional.empty, property=https://w3id.org/iadopt/ont/iadopt/hasConstraint, declaredProperty=iop:hasConstraint, inverse=false, parameters={separator=,}, id=null, reconcileOn=null, headerCell=iop:hasConstraint(separator=",")]
19:38:03.072  1674 INFO  f.s.rdf.xls2rdf.Xls2RdfConverter - Converting rows...
19:38:03.128  1730 INFO  f.s.rdf.xls2rdf.Xls2RdfConverter - Applying SKOS post-processings on the result
19:38:03.129  1731 DEBUG f.s.rdf.xls2rdf.SkosPostProcessor - Postprocessing : SkosPostProcessor
19:38:03.130  1732 DEBUG f.s.rdf.xls2rdf.SkosPostProcessor - Considering main resource like a ConceptScheme.
19:38:03.134  1736 DEBUG f.s.rdf.xls2rdf.SkosPostProcessor - Adding inverse skos:broader and skos:narrower
19:38:03.137  1739 DEBUG f.s.rdf.xls2rdf.SkosPostProcessor - Adding skos:inScheme
19:38:03.139  1741 DEBUG f.s.rdf.xls2rdf.SkosPostProcessor - Setting rdf:type skos:ConceptScheme to main resource
19:38:03.139  1741 DEBUG f.s.rdf.xls2rdf.SkosPostProcessor - Adding skos:hasTopConcept / skos:topConceptOf
19:38:03.142  1744 DEBUG f.s.rdf.xls2rdf.Xls2RdfConverter - Saving graph of 403 statements generated from Sheet Sheet1
